<?xml version="1.0" encoding="UTF-8"?>
<!-- Generated by org.testng.reporters.JUnitXMLReporter -->
<testsuite ignored="0" hostname="Hemanth" failures="0" tests="3" name="Default test" time="3.934" errors="0" timestamp="2021-12-13T21:08:43 PST">
  <testcase classname="restwebservice.tests.testscript.VerifyDistanceMatrixAPIs" name="destinationAddressVerification" time="0.978"/>
  <testcase classname="restwebservice.tests.testscript.VerifyDistanceMatrixAPIs" name="distanceValueVerification" time="0.035"/>
  <testcase classname="restwebservice.tests.testscript.VerifyDistanceMatrixAPIs" name="statusCodeVerification" time="0.004"/>
</testsuite> <!-- Default test -->
