<?xml version="1.0" encoding="UTF-8"?>
<testng-results ignored="0" total="1" passed="1" failed="0" skipped="0">
  <reporter-output>
  </reporter-output>
  <suite started-at="2021-12-12T21:15:19 PST" name="Default suite" finished-at="2021-12-12T21:15:43 PST" duration-ms="23270">
    <groups>
    </groups>
    <test started-at="2021-12-12T21:15:19 PST" name="Default test" finished-at="2021-12-12T21:15:43 PST" duration-ms="23270">
      <class name="web.ui.automation.task1.testscripts.WebUIAutomationTest">
        <test-method is-config="true" signature="beforeClass()[pri:0, instance:web.ui.automation.task1.testscripts.WebUIAutomationTest@78691363]" started-at="2021-12-12T21:15:19 PST" name="beforeClass" finished-at="2021-12-12T21:15:26 PST" duration-ms="6393" status="PASS">
          <reporter-output>
          </reporter-output>
        </test-method> <!-- beforeClass -->
        <test-method signature="verifyUITAP()[pri:0, instance:web.ui.automation.task1.testscripts.WebUIAutomationTest@78691363]" started-at="2021-12-12T21:15:26 PST" name="verifyUITAP" finished-at="2021-12-12T21:15:42 PST" duration-ms="16144" status="PASS">
          <reporter-output>
          </reporter-output>
        </test-method> <!-- verifyUITAP -->
        <test-method is-config="true" signature="afterClass()[pri:0, instance:web.ui.automation.task1.testscripts.WebUIAutomationTest@78691363]" started-at="2021-12-12T21:15:42 PST" name="afterClass" finished-at="2021-12-12T21:15:43 PST" duration-ms="691" status="PASS">
          <reporter-output>
          </reporter-output>
        </test-method> <!-- afterClass -->
      </class> <!-- web.ui.automation.task1.testscripts.WebUIAutomationTest -->
    </test> <!-- Default test -->
  </suite> <!-- Default suite -->
</testng-results>
